CRITICAL - 2023-09-29 07:26:09 --> Invalid file: "product_detail.php"
in SYSTEMPATH\Exceptions\FrameworkException.php on line 39.
 1 SYSTEMPATH\View\View.php(214): CodeIgniter\Exceptions\FrameworkException::forInvalidFile('product_detail.php')
 2 SYSTEMPATH\Common.php(1188): CodeIgniter\View\View->render('product_detail', [], true)
 3 APPPATH\Controllers\ProductController.php(45): view('product_detail', [...])
 4 SYSTEMPATH\CodeIgniter.php(919): App\Controllers\ProductController->getProduct('1')
 5 SYSTEMPATH\CodeIgniter.php(494): CodeIgniter\CodeIgniter->runController(Object(App\Controllers\ProductController))
 6 SYSTEMPATH\CodeIgniter.php(353): CodeIgniter\CodeIgniter->handleRequest(null, Object(Config\Cache), false)
 7 FCPATH\index.php(79): CodeIgniter\CodeIgniter->run()
 8 SYSTEMPATH\Commands\Server\rewrite.php(47): require_once('C:\\xampp\\htdocs\\backend\\public\\index.php')
CRITICAL - 2023-09-29 07:27:17 --> Invalid file: "product_detail.php"
in SYSTEMPATH\Exceptions\FrameworkException.php on line 39.
 1 SYSTEMPATH\View\View.php(214): CodeIgniter\Exceptions\FrameworkException::forInvalidFile('product_detail.php')
 2 SYSTEMPATH\Common.php(1188): CodeIgniter\View\View->render('product_detail', [], true)
 3 APPPATH\Controllers\ProductController.php(45): view('product_detail', [...])
 4 SYSTEMPATH\CodeIgniter.php(919): App\Controllers\ProductController->getProduct('1')
 5 SYSTEMPATH\CodeIgniter.php(494): CodeIgniter\CodeIgniter->runController(Object(App\Controllers\ProductController))
 6 SYSTEMPATH\CodeIgniter.php(353): CodeIgniter\CodeIgniter->handleRequest(null, Object(Config\Cache), false)
 7 FCPATH\index.php(79): CodeIgniter\CodeIgniter->run()
 8 SYSTEMPATH\Commands\Server\rewrite.php(47): require_once('C:\\xampp\\htdocs\\backend\\public\\index.php')
CRITICAL - 2023-09-29 07:27:28 --> Invalid file: "product_detail.php"
in SYSTEMPATH\Exceptions\FrameworkException.php on line 39.
 1 SYSTEMPATH\View\View.php(214): CodeIgniter\Exceptions\FrameworkException::forInvalidFile('product_detail.php')
 2 SYSTEMPATH\Common.php(1188): CodeIgniter\View\View->render('product_detail', [], true)
 3 APPPATH\Controllers\ProductController.php(45): view('product_detail', [...])
 4 SYSTEMPATH\CodeIgniter.php(919): App\Controllers\ProductController->getProduct('2')
 5 SYSTEMPATH\CodeIgniter.php(494): CodeIgniter\CodeIgniter->runController(Object(App\Controllers\ProductController))
 6 SYSTEMPATH\CodeIgniter.php(353): CodeIgniter\CodeIgniter->handleRequest(null, Object(Config\Cache), false)
 7 FCPATH\index.php(79): CodeIgniter\CodeIgniter->run()
 8 SYSTEMPATH\Commands\Server\rewrite.php(47): require_once('C:\\xampp\\htdocs\\backend\\public\\index.php')
CRITICAL - 2023-09-29 07:27:37 --> Invalid file: "product_detail.php"
in SYSTEMPATH\Exceptions\FrameworkException.php on line 39.
 1 SYSTEMPATH\View\View.php(214): CodeIgniter\Exceptions\FrameworkException::forInvalidFile('product_detail.php')
 2 SYSTEMPATH\Common.php(1188): CodeIgniter\View\View->render('product_detail', [], true)
 3 APPPATH\Controllers\ProductController.php(45): view('product_detail', [...])
 4 SYSTEMPATH\CodeIgniter.php(919): App\Controllers\ProductController->getProduct('2')
 5 SYSTEMPATH\CodeIgniter.php(494): CodeIgniter\CodeIgniter->runController(Object(App\Controllers\ProductController))
 6 SYSTEMPATH\CodeIgniter.php(353): CodeIgniter\CodeIgniter->handleRequest(null, Object(Config\Cache), false)
 7 FCPATH\index.php(79): CodeIgniter\CodeIgniter->run()
 8 SYSTEMPATH\Commands\Server\rewrite.php(47): require_once('C:\\xampp\\htdocs\\backend\\public\\index.php')
CRITICAL - 2023-09-29 07:28:33 --> Invalid file: "product_detail.php"
in SYSTEMPATH\Exceptions\FrameworkException.php on line 39.
 1 SYSTEMPATH\View\View.php(214): CodeIgniter\Exceptions\FrameworkException::forInvalidFile('product_detail.php')
 2 SYSTEMPATH\Common.php(1188): CodeIgniter\View\View->render('product_detail', [], true)
 3 APPPATH\Controllers\ProductController.php(45): view('product_detail', [...])
 4 SYSTEMPATH\CodeIgniter.php(919): App\Controllers\ProductController->getProduct('2')
 5 SYSTEMPATH\CodeIgniter.php(494): CodeIgniter\CodeIgniter->runController(Object(App\Controllers\ProductController))
 6 SYSTEMPATH\CodeIgniter.php(353): CodeIgniter\CodeIgniter->handleRequest(null, Object(Config\Cache), false)
 7 FCPATH\index.php(79): CodeIgniter\CodeIgniter->run()
 8 SYSTEMPATH\Commands\Server\rewrite.php(47): require_once('C:\\xampp\\htdocs\\backend\\public\\index.php')
CRITICAL - 2023-09-29 07:28:37 --> Invalid file: "product_detail.php"
in SYSTEMPATH\Exceptions\FrameworkException.php on line 39.
 1 SYSTEMPATH\View\View.php(214): CodeIgniter\Exceptions\FrameworkException::forInvalidFile('product_detail.php')
 2 SYSTEMPATH\Common.php(1188): CodeIgniter\View\View->render('product_detail', [], true)
 3 APPPATH\Controllers\ProductController.php(45): view('product_detail', [...])
 4 SYSTEMPATH\CodeIgniter.php(919): App\Controllers\ProductController->getProduct('3')
 5 SYSTEMPATH\CodeIgniter.php(494): CodeIgniter\CodeIgniter->runController(Object(App\Controllers\ProductController))
 6 SYSTEMPATH\CodeIgniter.php(353): CodeIgniter\CodeIgniter->handleRequest(null, Object(Config\Cache), false)
 7 FCPATH\index.php(79): CodeIgniter\CodeIgniter->run()
 8 SYSTEMPATH\Commands\Server\rewrite.php(47): require_once('C:\\xampp\\htdocs\\backend\\public\\index.php')
CRITICAL - 2023-09-29 07:28:42 --> Invalid file: "product_detail.php"
in SYSTEMPATH\Exceptions\FrameworkException.php on line 39.
 1 SYSTEMPATH\View\View.php(214): CodeIgniter\Exceptions\FrameworkException::forInvalidFile('product_detail.php')
 2 SYSTEMPATH\Common.php(1188): CodeIgniter\View\View->render('product_detail', [], true)
 3 APPPATH\Controllers\ProductController.php(45): view('product_detail', [...])
 4 SYSTEMPATH\CodeIgniter.php(919): App\Controllers\ProductController->getProduct('2')
 5 SYSTEMPATH\CodeIgniter.php(494): CodeIgniter\CodeIgniter->runController(Object(App\Controllers\ProductController))
 6 SYSTEMPATH\CodeIgniter.php(353): CodeIgniter\CodeIgniter->handleRequest(null, Object(Config\Cache), false)
 7 FCPATH\index.php(79): CodeIgniter\CodeIgniter->run()
 8 SYSTEMPATH\Commands\Server\rewrite.php(47): require_once('C:\\xampp\\htdocs\\backend\\public\\index.php')
CRITICAL - 2023-09-29 07:28:49 --> Invalid file: "product_detail.php"
in SYSTEMPATH\Exceptions\FrameworkException.php on line 39.
 1 SYSTEMPATH\View\View.php(214): CodeIgniter\Exceptions\FrameworkException::forInvalidFile('product_detail.php')
 2 SYSTEMPATH\Common.php(1188): CodeIgniter\View\View->render('product_detail', [], true)
 3 APPPATH\Controllers\ProductController.php(45): view('product_detail', [...])
 4 SYSTEMPATH\CodeIgniter.php(919): App\Controllers\ProductController->getProduct('2')
 5 SYSTEMPATH\CodeIgniter.php(494): CodeIgniter\CodeIgniter->runController(Object(App\Controllers\ProductController))
 6 SYSTEMPATH\CodeIgniter.php(353): CodeIgniter\CodeIgniter->handleRequest(null, Object(Config\Cache), false)
 7 FCPATH\index.php(79): CodeIgniter\CodeIgniter->run()
 8 SYSTEMPATH\Commands\Server\rewrite.php(47): require_once('C:\\xampp\\htdocs\\backend\\public\\index.php')
CRITICAL - 2023-09-29 07:30:52 --> Invalid file: "product_detail.php"
in SYSTEMPATH\Exceptions\FrameworkException.php on line 39.
 1 SYSTEMPATH\View\View.php(214): CodeIgniter\Exceptions\FrameworkException::forInvalidFile('product_detail.php')
 2 SYSTEMPATH\Common.php(1188): CodeIgniter\View\View->render('product_detail', [], true)
 3 APPPATH\Controllers\ProductController.php(45): view('product_detail', [...])
 4 SYSTEMPATH\CodeIgniter.php(919): App\Controllers\ProductController->getProduct('2')
 5 SYSTEMPATH\CodeIgniter.php(494): CodeIgniter\CodeIgniter->runController(Object(App\Controllers\ProductController))
 6 SYSTEMPATH\CodeIgniter.php(353): CodeIgniter\CodeIgniter->handleRequest(null, Object(Config\Cache), false)
 7 FCPATH\index.php(79): CodeIgniter\CodeIgniter->run()
 8 SYSTEMPATH\Commands\Server\rewrite.php(47): require_once('C:\\xampp\\htdocs\\backend\\public\\index.php')
CRITICAL - 2023-09-29 07:35:22 --> Invalid file: "product_detail.php"
in SYSTEMPATH\Exceptions\FrameworkException.php on line 39.
 1 SYSTEMPATH\View\View.php(214): CodeIgniter\Exceptions\FrameworkException::forInvalidFile('product_detail.php')
 2 SYSTEMPATH\Common.php(1188): CodeIgniter\View\View->render('product_detail', [], true)
 3 APPPATH\Controllers\ProductController.php(45): view('product_detail', [...])
 4 SYSTEMPATH\CodeIgniter.php(919): App\Controllers\ProductController->getProduct('2')
 5 SYSTEMPATH\CodeIgniter.php(494): CodeIgniter\CodeIgniter->runController(Object(App\Controllers\ProductController))
 6 SYSTEMPATH\CodeIgniter.php(353): CodeIgniter\CodeIgniter->handleRequest(null, Object(Config\Cache), false)
 7 FCPATH\index.php(79): CodeIgniter\CodeIgniter->run()
 8 SYSTEMPATH\Commands\Server\rewrite.php(47): require_once('C:\\xampp\\htdocs\\backend\\public\\index.php')
CRITICAL - 2023-09-29 07:35:41 --> Invalid file: "product_detail.php"
in SYSTEMPATH\Exceptions\FrameworkException.php on line 39.
 1 SYSTEMPATH\View\View.php(214): CodeIgniter\Exceptions\FrameworkException::forInvalidFile('product_detail.php')
 2 SYSTEMPATH\Common.php(1188): CodeIgniter\View\View->render('product_detail', [], true)
 3 APPPATH\Controllers\ProductController.php(45): view('product_detail', [...])
 4 SYSTEMPATH\CodeIgniter.php(919): App\Controllers\ProductController->getProduct('2')
 5 SYSTEMPATH\CodeIgniter.php(494): CodeIgniter\CodeIgniter->runController(Object(App\Controllers\ProductController))
 6 SYSTEMPATH\CodeIgniter.php(353): CodeIgniter\CodeIgniter->handleRequest(null, Object(Config\Cache), false)
 7 FCPATH\index.php(79): CodeIgniter\CodeIgniter->run()
 8 SYSTEMPATH\Commands\Server\rewrite.php(47): require_once('C:\\xampp\\htdocs\\backend\\public\\index.php')
