ERROR - 2023-09-28 15:17:29 --> mysqli_sql_exception: Unknown column 'nama_product' in 'field list' in C:\xampp\htdocs\backend\system\Database\MySQLi\Connection.php:306
Stack trace:
#0 C:\xampp\htdocs\backend\system\Database\MySQLi\Connection.php(306): mysqli->query('INSERT INTO `pr...', 0)
#1 C:\xampp\htdocs\backend\system\Database\BaseConnection.php(692): CodeIgniter\Database\MySQLi\Connection->execute('INSERT INTO `pr...')
#2 C:\xampp\htdocs\backend\system\Database\BaseConnection.php(606): CodeIgniter\Database\BaseConnection->simpleQuery('INSERT INTO `pr...')
#3 C:\xampp\htdocs\backend\system\Database\BaseBuilder.php(2308): CodeIgniter\Database\BaseConnection->query('INSERT INTO `pr...', Array, false)
#4 C:\xampp\htdocs\backend\system\Model.php(319): CodeIgniter\Database\BaseBuilder->insert()
#5 C:\xampp\htdocs\backend\system\BaseModel.php(788): CodeIgniter\Model->doInsert(Array)
#6 C:\xampp\htdocs\backend\system\Model.php(715): CodeIgniter\BaseModel->insert(Array, true)
#7 C:\xampp\htdocs\backend\app\Controllers\ProductController.php(19): CodeIgniter\Model->insert(Array)
#8 C:\xampp\htdocs\backend\system\CodeIgniter.php(919): App\Controllers\ProductController->insertProduct()
#9 C:\xampp\htdocs\backend\system\CodeIgniter.php(494): CodeIgniter\CodeIgniter->runController(Object(App\Controllers\ProductController))
#10 C:\xampp\htdocs\backend\system\CodeIgniter.php(353): CodeIgniter\CodeIgniter->handleRequest(NULL, Object(Config\Cache), false)
#11 C:\xampp\htdocs\backend\public\index.php(79): CodeIgniter\CodeIgniter->run()
#12 C:\xampp\htdocs\backend\system\Commands\Server\rewrite.php(47): require_once('C:\\xampp\\htdocs...')
#13 {main}
CRITICAL - 2023-09-28 15:17:29 --> Unknown column 'nama_product' in 'field list'
in SYSTEMPATH\Database\BaseConnection.php on line 646.
 1 SYSTEMPATH\Database\BaseBuilder.php(2308): CodeIgniter\Database\BaseConnection->query('INSERT INTO `products` (`nama_product`, `description`) VALUES (:nama_product:, :description:)', [...], false)
 2 SYSTEMPATH\Model.php(319): CodeIgniter\Database\BaseBuilder->insert()
 3 SYSTEMPATH\BaseModel.php(788): CodeIgniter\Model->doInsert([...])
 4 SYSTEMPATH\Model.php(715): CodeIgniter\BaseModel->insert([...], true)
 5 APPPATH\Controllers\ProductController.php(19): CodeIgniter\Model->insert([...])
 6 SYSTEMPATH\CodeIgniter.php(919): App\Controllers\ProductController->insertProduct()
 7 SYSTEMPATH\CodeIgniter.php(494): CodeIgniter\CodeIgniter->runController(Object(App\Controllers\ProductController))
 8 SYSTEMPATH\CodeIgniter.php(353): CodeIgniter\CodeIgniter->handleRequest(null, Object(Config\Cache), false)
 9 FCPATH\index.php(79): CodeIgniter\CodeIgniter->run()
10 SYSTEMPATH\Commands\Server\rewrite.php(47): require_once('C:\\xampp\\htdocs\\backend\\public\\index.php')
CRITICAL - 2023-09-28 15:19:15 --> Attempt to read property "nama_product" on array
in APPPATH\Views\product.php on line 20.
 1 APPPATH\Views\product.php(20): CodeIgniter\Debug\Exceptions->errorHandler(2, 'Attempt to read property "nama_product" on array', 'C:\\xampp\\htdocs\\backend\\app\\Views\\product.php', 20)
 2 SYSTEMPATH\View\View.php(226): include('C:\\xampp\\htdocs\\backend\\app\\Views\\product.php')
 3 SYSTEMPATH\View\View.php(229): CodeIgniter\View\View->CodeIgniter\View\{closure}()
 4 SYSTEMPATH\Common.php(1188): CodeIgniter\View\View->render('product', [], true)
 5 APPPATH\Controllers\ProductController.php(27): view('product', [...])
 6 SYSTEMPATH\CodeIgniter.php(919): App\Controllers\ProductController->readProduct()
 7 SYSTEMPATH\CodeIgniter.php(494): CodeIgniter\CodeIgniter->runController(Object(App\Controllers\ProductController))
 8 SYSTEMPATH\CodeIgniter.php(353): CodeIgniter\CodeIgniter->handleRequest(null, Object(Config\Cache), false)
 9 FCPATH\index.php(79): CodeIgniter\CodeIgniter->run()
10 SYSTEMPATH\Commands\Server\rewrite.php(47): require_once('C:\\xampp\\htdocs\\backend\\public\\index.php')
CRITICAL - 2023-09-28 15:20:15 --> Attempt to read property "nama_product" on array
in APPPATH\Views\product.php on line 20.
 1 APPPATH\Views\product.php(20): CodeIgniter\Debug\Exceptions->errorHandler(2, 'Attempt to read property "nama_product" on array', 'C:\\xampp\\htdocs\\backend\\app\\Views\\product.php', 20)
 2 SYSTEMPATH\View\View.php(226): include('C:\\xampp\\htdocs\\backend\\app\\Views\\product.php')
 3 SYSTEMPATH\View\View.php(229): CodeIgniter\View\View->CodeIgniter\View\{closure}()
 4 SYSTEMPATH\Common.php(1188): CodeIgniter\View\View->render('product', [], true)
 5 APPPATH\Controllers\ProductController.php(27): view('product', [...])
 6 SYSTEMPATH\CodeIgniter.php(919): App\Controllers\ProductController->readProduct()
 7 SYSTEMPATH\CodeIgniter.php(494): CodeIgniter\CodeIgniter->runController(Object(App\Controllers\ProductController))
 8 SYSTEMPATH\CodeIgniter.php(353): CodeIgniter\CodeIgniter->handleRequest(null, Object(Config\Cache), false)
 9 FCPATH\index.php(79): CodeIgniter\CodeIgniter->run()
10 SYSTEMPATH\Commands\Server\rewrite.php(47): require_once('C:\\xampp\\htdocs\\backend\\public\\index.php')
CRITICAL - 2023-09-28 15:20:38 --> Attempt to read property "nama_products" on array
in APPPATH\Views\product.php on line 20.
 1 APPPATH\Views\product.php(20): CodeIgniter\Debug\Exceptions->errorHandler(2, 'Attempt to read property "nama_products" on array', 'C:\\xampp\\htdocs\\backend\\app\\Views\\product.php', 20)
 2 SYSTEMPATH\View\View.php(226): include('C:\\xampp\\htdocs\\backend\\app\\Views\\product.php')
 3 SYSTEMPATH\View\View.php(229): CodeIgniter\View\View->CodeIgniter\View\{closure}()
 4 SYSTEMPATH\Common.php(1188): CodeIgniter\View\View->render('product', [], true)
 5 APPPATH\Controllers\ProductController.php(27): view('product', [...])
 6 SYSTEMPATH\CodeIgniter.php(919): App\Controllers\ProductController->readProduct()
 7 SYSTEMPATH\CodeIgniter.php(494): CodeIgniter\CodeIgniter->runController(Object(App\Controllers\ProductController))
 8 SYSTEMPATH\CodeIgniter.php(353): CodeIgniter\CodeIgniter->handleRequest(null, Object(Config\Cache), false)
 9 FCPATH\index.php(79): CodeIgniter\CodeIgniter->run()
10 SYSTEMPATH\Commands\Server\rewrite.php(47): require_once('C:\\xampp\\htdocs\\backend\\public\\index.php')
CRITICAL - 2023-09-28 15:21:33 --> Attempt to read property "nama_product" on array
in APPPATH\Views\product.php on line 20.
 1 APPPATH\Views\product.php(20): CodeIgniter\Debug\Exceptions->errorHandler(2, 'Attempt to read property "nama_product" on array', 'C:\\xampp\\htdocs\\backend\\app\\Views\\product.php', 20)
 2 SYSTEMPATH\View\View.php(226): include('C:\\xampp\\htdocs\\backend\\app\\Views\\product.php')
 3 SYSTEMPATH\View\View.php(229): CodeIgniter\View\View->CodeIgniter\View\{closure}()
 4 SYSTEMPATH\Common.php(1188): CodeIgniter\View\View->render('product', [], true)
 5 APPPATH\Controllers\ProductController.php(27): view('product', [...])
 6 SYSTEMPATH\CodeIgniter.php(919): App\Controllers\ProductController->readProduct()
 7 SYSTEMPATH\CodeIgniter.php(494): CodeIgniter\CodeIgniter->runController(Object(App\Controllers\ProductController))
 8 SYSTEMPATH\CodeIgniter.php(353): CodeIgniter\CodeIgniter->handleRequest(null, Object(Config\Cache), false)
 9 FCPATH\index.php(79): CodeIgniter\CodeIgniter->run()
10 SYSTEMPATH\Commands\Server\rewrite.php(47): require_once('C:\\xampp\\htdocs\\backend\\public\\index.php')
CRITICAL - 2023-09-28 15:21:56 --> Undefined variable $products
in APPPATH\Views\product.php on line 18.
 1 APPPATH\Views\product.php(18): CodeIgniter\Debug\Exceptions->errorHandler(2, 'Undefined variable $products', 'C:\\xampp\\htdocs\\backend\\app\\Views\\product.php', 18)
 2 SYSTEMPATH\View\View.php(226): include('C:\\xampp\\htdocs\\backend\\app\\Views\\product.php')
 3 SYSTEMPATH\View\View.php(229): CodeIgniter\View\View->CodeIgniter\View\{closure}()
 4 SYSTEMPATH\Common.php(1188): CodeIgniter\View\View->render('product', [], true)
 5 APPPATH\Controllers\ProductController.php(27): view('product', [...])
 6 SYSTEMPATH\CodeIgniter.php(919): App\Controllers\ProductController->readProduct()
 7 SYSTEMPATH\CodeIgniter.php(494): CodeIgniter\CodeIgniter->runController(Object(App\Controllers\ProductController))
 8 SYSTEMPATH\CodeIgniter.php(353): CodeIgniter\CodeIgniter->handleRequest(null, Object(Config\Cache), false)
 9 FCPATH\index.php(79): CodeIgniter\CodeIgniter->run()
10 SYSTEMPATH\Commands\Server\rewrite.php(47): require_once('C:\\xampp\\htdocs\\backend\\public\\index.php')
CRITICAL - 2023-09-28 15:23:47 --> Attempt to read property "nama_product" on array
in APPPATH\Views\product.php on line 20.
 1 APPPATH\Views\product.php(20): CodeIgniter\Debug\Exceptions->errorHandler(2, 'Attempt to read property "nama_product" on array', 'C:\\xampp\\htdocs\\backend\\app\\Views\\product.php', 20)
 2 SYSTEMPATH\View\View.php(226): include('C:\\xampp\\htdocs\\backend\\app\\Views\\product.php')
 3 SYSTEMPATH\View\View.php(229): CodeIgniter\View\View->CodeIgniter\View\{closure}()
 4 SYSTEMPATH\Common.php(1188): CodeIgniter\View\View->render('product', [], true)
 5 APPPATH\Controllers\ProductController.php(27): view('product', [...])
 6 SYSTEMPATH\CodeIgniter.php(919): App\Controllers\ProductController->readProduct()
 7 SYSTEMPATH\CodeIgniter.php(494): CodeIgniter\CodeIgniter->runController(Object(App\Controllers\ProductController))
 8 SYSTEMPATH\CodeIgniter.php(353): CodeIgniter\CodeIgniter->handleRequest(null, Object(Config\Cache), false)
 9 FCPATH\index.php(79): CodeIgniter\CodeIgniter->run()
10 SYSTEMPATH\Commands\Server\rewrite.php(47): require_once('C:\\xampp\\htdocs\\backend\\public\\index.php')
CRITICAL - 2023-09-28 15:24:16 --> Attempt to read property "nama_product" on array
in APPPATH\Views\product.php on line 20.
 1 APPPATH\Views\product.php(20): CodeIgniter\Debug\Exceptions->errorHandler(2, 'Attempt to read property "nama_product" on array', 'C:\\xampp\\htdocs\\backend\\app\\Views\\product.php', 20)
 2 SYSTEMPATH\View\View.php(226): include('C:\\xampp\\htdocs\\backend\\app\\Views\\product.php')
 3 SYSTEMPATH\View\View.php(229): CodeIgniter\View\View->CodeIgniter\View\{closure}()
 4 SYSTEMPATH\Common.php(1188): CodeIgniter\View\View->render('product', [], true)
 5 APPPATH\Controllers\ProductController.php(27): view('product', [...])
 6 SYSTEMPATH\CodeIgniter.php(919): App\Controllers\ProductController->readProduct()
 7 SYSTEMPATH\CodeIgniter.php(494): CodeIgniter\CodeIgniter->runController(Object(App\Controllers\ProductController))
 8 SYSTEMPATH\CodeIgniter.php(353): CodeIgniter\CodeIgniter->handleRequest(null, Object(Config\Cache), false)
 9 FCPATH\index.php(79): CodeIgniter\CodeIgniter->run()
10 SYSTEMPATH\Commands\Server\rewrite.php(47): require_once('C:\\xampp\\htdocs\\backend\\public\\index.php')
CRITICAL - 2023-09-28 15:25:32 --> Attempt to read property "nama_product" on array
in APPPATH\Views\product.php on line 20.
 1 APPPATH\Views\product.php(20): CodeIgniter\Debug\Exceptions->errorHandler(2, 'Attempt to read property "nama_product" on array', 'C:\\xampp\\htdocs\\backend\\app\\Views\\product.php', 20)
 2 SYSTEMPATH\View\View.php(226): include('C:\\xampp\\htdocs\\backend\\app\\Views\\product.php')
 3 SYSTEMPATH\View\View.php(229): CodeIgniter\View\View->CodeIgniter\View\{closure}()
 4 SYSTEMPATH\Common.php(1188): CodeIgniter\View\View->render('product', [], true)
 5 APPPATH\Controllers\ProductController.php(27): view('product', [...])
 6 SYSTEMPATH\CodeIgniter.php(919): App\Controllers\ProductController->readProduct()
 7 SYSTEMPATH\CodeIgniter.php(494): CodeIgniter\CodeIgniter->runController(Object(App\Controllers\ProductController))
 8 SYSTEMPATH\CodeIgniter.php(353): CodeIgniter\CodeIgniter->handleRequest(null, Object(Config\Cache), false)
 9 FCPATH\index.php(79): CodeIgniter\CodeIgniter->run()
10 SYSTEMPATH\Commands\Server\rewrite.php(47): require_once('C:\\xampp\\htdocs\\backend\\public\\index.php')
CRITICAL - 2023-09-28 15:25:33 --> Attempt to read property "nama_product" on array
in APPPATH\Views\product.php on line 20.
 1 APPPATH\Views\product.php(20): CodeIgniter\Debug\Exceptions->errorHandler(2, 'Attempt to read property "nama_product" on array', 'C:\\xampp\\htdocs\\backend\\app\\Views\\product.php', 20)
 2 SYSTEMPATH\View\View.php(226): include('C:\\xampp\\htdocs\\backend\\app\\Views\\product.php')
 3 SYSTEMPATH\View\View.php(229): CodeIgniter\View\View->CodeIgniter\View\{closure}()
 4 SYSTEMPATH\Common.php(1188): CodeIgniter\View\View->render('product', [], true)
 5 APPPATH\Controllers\ProductController.php(27): view('product', [...])
 6 SYSTEMPATH\CodeIgniter.php(919): App\Controllers\ProductController->readProduct()
 7 SYSTEMPATH\CodeIgniter.php(494): CodeIgniter\CodeIgniter->runController(Object(App\Controllers\ProductController))
 8 SYSTEMPATH\CodeIgniter.php(353): CodeIgniter\CodeIgniter->handleRequest(null, Object(Config\Cache), false)
 9 FCPATH\index.php(79): CodeIgniter\CodeIgniter->run()
10 SYSTEMPATH\Commands\Server\rewrite.php(47): require_once('C:\\xampp\\htdocs\\backend\\public\\index.php')
CRITICAL - 2023-09-28 15:25:33 --> Attempt to read property "nama_product" on array
in APPPATH\Views\product.php on line 20.
 1 APPPATH\Views\product.php(20): CodeIgniter\Debug\Exceptions->errorHandler(2, 'Attempt to read property "nama_product" on array', 'C:\\xampp\\htdocs\\backend\\app\\Views\\product.php', 20)
 2 SYSTEMPATH\View\View.php(226): include('C:\\xampp\\htdocs\\backend\\app\\Views\\product.php')
 3 SYSTEMPATH\View\View.php(229): CodeIgniter\View\View->CodeIgniter\View\{closure}()
 4 SYSTEMPATH\Common.php(1188): CodeIgniter\View\View->render('product', [], true)
 5 APPPATH\Controllers\ProductController.php(27): view('product', [...])
 6 SYSTEMPATH\CodeIgniter.php(919): App\Controllers\ProductController->readProduct()
 7 SYSTEMPATH\CodeIgniter.php(494): CodeIgniter\CodeIgniter->runController(Object(App\Controllers\ProductController))
 8 SYSTEMPATH\CodeIgniter.php(353): CodeIgniter\CodeIgniter->handleRequest(null, Object(Config\Cache), false)
 9 FCPATH\index.php(79): CodeIgniter\CodeIgniter->run()
10 SYSTEMPATH\Commands\Server\rewrite.php(47): require_once('C:\\xampp\\htdocs\\backend\\public\\index.php')
CRITICAL - 2023-09-28 15:25:33 --> Attempt to read property "nama_product" on array
in APPPATH\Views\product.php on line 20.
 1 APPPATH\Views\product.php(20): CodeIgniter\Debug\Exceptions->errorHandler(2, 'Attempt to read property "nama_product" on array', 'C:\\xampp\\htdocs\\backend\\app\\Views\\product.php', 20)
 2 SYSTEMPATH\View\View.php(226): include('C:\\xampp\\htdocs\\backend\\app\\Views\\product.php')
 3 SYSTEMPATH\View\View.php(229): CodeIgniter\View\View->CodeIgniter\View\{closure}()
 4 SYSTEMPATH\Common.php(1188): CodeIgniter\View\View->render('product', [], true)
 5 APPPATH\Controllers\ProductController.php(27): view('product', [...])
 6 SYSTEMPATH\CodeIgniter.php(919): App\Controllers\ProductController->readProduct()
 7 SYSTEMPATH\CodeIgniter.php(494): CodeIgniter\CodeIgniter->runController(Object(App\Controllers\ProductController))
 8 SYSTEMPATH\CodeIgniter.php(353): CodeIgniter\CodeIgniter->handleRequest(null, Object(Config\Cache), false)
 9 FCPATH\index.php(79): CodeIgniter\CodeIgniter->run()
10 SYSTEMPATH\Commands\Server\rewrite.php(47): require_once('C:\\xampp\\htdocs\\backend\\public\\index.php')
CRITICAL - 2023-09-28 15:25:33 --> Attempt to read property "nama_product" on array
in APPPATH\Views\product.php on line 20.
 1 APPPATH\Views\product.php(20): CodeIgniter\Debug\Exceptions->errorHandler(2, 'Attempt to read property "nama_product" on array', 'C:\\xampp\\htdocs\\backend\\app\\Views\\product.php', 20)
 2 SYSTEMPATH\View\View.php(226): include('C:\\xampp\\htdocs\\backend\\app\\Views\\product.php')
 3 SYSTEMPATH\View\View.php(229): CodeIgniter\View\View->CodeIgniter\View\{closure}()
 4 SYSTEMPATH\Common.php(1188): CodeIgniter\View\View->render('product', [], true)
 5 APPPATH\Controllers\ProductController.php(27): view('product', [...])
 6 SYSTEMPATH\CodeIgniter.php(919): App\Controllers\ProductController->readProduct()
 7 SYSTEMPATH\CodeIgniter.php(494): CodeIgniter\CodeIgniter->runController(Object(App\Controllers\ProductController))
 8 SYSTEMPATH\CodeIgniter.php(353): CodeIgniter\CodeIgniter->handleRequest(null, Object(Config\Cache), false)
 9 FCPATH\index.php(79): CodeIgniter\CodeIgniter->run()
10 SYSTEMPATH\Commands\Server\rewrite.php(47): require_once('C:\\xampp\\htdocs\\backend\\public\\index.php')
CRITICAL - 2023-09-28 15:25:34 --> Attempt to read property "nama_product" on array
in APPPATH\Views\product.php on line 20.
 1 APPPATH\Views\product.php(20): CodeIgniter\Debug\Exceptions->errorHandler(2, 'Attempt to read property "nama_product" on array', 'C:\\xampp\\htdocs\\backend\\app\\Views\\product.php', 20)
 2 SYSTEMPATH\View\View.php(226): include('C:\\xampp\\htdocs\\backend\\app\\Views\\product.php')
 3 SYSTEMPATH\View\View.php(229): CodeIgniter\View\View->CodeIgniter\View\{closure}()
 4 SYSTEMPATH\Common.php(1188): CodeIgniter\View\View->render('product', [], true)
 5 APPPATH\Controllers\ProductController.php(27): view('product', [...])
 6 SYSTEMPATH\CodeIgniter.php(919): App\Controllers\ProductController->readProduct()
 7 SYSTEMPATH\CodeIgniter.php(494): CodeIgniter\CodeIgniter->runController(Object(App\Controllers\ProductController))
 8 SYSTEMPATH\CodeIgniter.php(353): CodeIgniter\CodeIgniter->handleRequest(null, Object(Config\Cache), false)
 9 FCPATH\index.php(79): CodeIgniter\CodeIgniter->run()
10 SYSTEMPATH\Commands\Server\rewrite.php(47): require_once('C:\\xampp\\htdocs\\backend\\public\\index.php')
CRITICAL - 2023-09-28 15:25:34 --> Attempt to read property "nama_product" on array
in APPPATH\Views\product.php on line 20.
 1 APPPATH\Views\product.php(20): CodeIgniter\Debug\Exceptions->errorHandler(2, 'Attempt to read property "nama_product" on array', 'C:\\xampp\\htdocs\\backend\\app\\Views\\product.php', 20)
 2 SYSTEMPATH\View\View.php(226): include('C:\\xampp\\htdocs\\backend\\app\\Views\\product.php')
 3 SYSTEMPATH\View\View.php(229): CodeIgniter\View\View->CodeIgniter\View\{closure}()
 4 SYSTEMPATH\Common.php(1188): CodeIgniter\View\View->render('product', [], true)
 5 APPPATH\Controllers\ProductController.php(27): view('product', [...])
 6 SYSTEMPATH\CodeIgniter.php(919): App\Controllers\ProductController->readProduct()
 7 SYSTEMPATH\CodeIgniter.php(494): CodeIgniter\CodeIgniter->runController(Object(App\Controllers\ProductController))
 8 SYSTEMPATH\CodeIgniter.php(353): CodeIgniter\CodeIgniter->handleRequest(null, Object(Config\Cache), false)
 9 FCPATH\index.php(79): CodeIgniter\CodeIgniter->run()
10 SYSTEMPATH\Commands\Server\rewrite.php(47): require_once('C:\\xampp\\htdocs\\backend\\public\\index.php')
CRITICAL - 2023-09-28 15:25:34 --> Attempt to read property "nama_product" on array
in APPPATH\Views\product.php on line 20.
 1 APPPATH\Views\product.php(20): CodeIgniter\Debug\Exceptions->errorHandler(2, 'Attempt to read property "nama_product" on array', 'C:\\xampp\\htdocs\\backend\\app\\Views\\product.php', 20)
 2 SYSTEMPATH\View\View.php(226): include('C:\\xampp\\htdocs\\backend\\app\\Views\\product.php')
 3 SYSTEMPATH\View\View.php(229): CodeIgniter\View\View->CodeIgniter\View\{closure}()
 4 SYSTEMPATH\Common.php(1188): CodeIgniter\View\View->render('product', [], true)
 5 APPPATH\Controllers\ProductController.php(27): view('product', [...])
 6 SYSTEMPATH\CodeIgniter.php(919): App\Controllers\ProductController->readProduct()
 7 SYSTEMPATH\CodeIgniter.php(494): CodeIgniter\CodeIgniter->runController(Object(App\Controllers\ProductController))
 8 SYSTEMPATH\CodeIgniter.php(353): CodeIgniter\CodeIgniter->handleRequest(null, Object(Config\Cache), false)
 9 FCPATH\index.php(79): CodeIgniter\CodeIgniter->run()
10 SYSTEMPATH\Commands\Server\rewrite.php(47): require_once('C:\\xampp\\htdocs\\backend\\public\\index.php')
CRITICAL - 2023-09-28 15:25:34 --> Attempt to read property "nama_product" on array
in APPPATH\Views\product.php on line 20.
 1 APPPATH\Views\product.php(20): CodeIgniter\Debug\Exceptions->errorHandler(2, 'Attempt to read property "nama_product" on array', 'C:\\xampp\\htdocs\\backend\\app\\Views\\product.php', 20)
 2 SYSTEMPATH\View\View.php(226): include('C:\\xampp\\htdocs\\backend\\app\\Views\\product.php')
 3 SYSTEMPATH\View\View.php(229): CodeIgniter\View\View->CodeIgniter\View\{closure}()
 4 SYSTEMPATH\Common.php(1188): CodeIgniter\View\View->render('product', [], true)
 5 APPPATH\Controllers\ProductController.php(27): view('product', [...])
 6 SYSTEMPATH\CodeIgniter.php(919): App\Controllers\ProductController->readProduct()
 7 SYSTEMPATH\CodeIgniter.php(494): CodeIgniter\CodeIgniter->runController(Object(App\Controllers\ProductController))
 8 SYSTEMPATH\CodeIgniter.php(353): CodeIgniter\CodeIgniter->handleRequest(null, Object(Config\Cache), false)
 9 FCPATH\index.php(79): CodeIgniter\CodeIgniter->run()
10 SYSTEMPATH\Commands\Server\rewrite.php(47): require_once('C:\\xampp\\htdocs\\backend\\public\\index.php')
CRITICAL - 2023-09-28 15:25:34 --> Attempt to read property "nama_product" on array
in APPPATH\Views\product.php on line 20.
 1 APPPATH\Views\product.php(20): CodeIgniter\Debug\Exceptions->errorHandler(2, 'Attempt to read property "nama_product" on array', 'C:\\xampp\\htdocs\\backend\\app\\Views\\product.php', 20)
 2 SYSTEMPATH\View\View.php(226): include('C:\\xampp\\htdocs\\backend\\app\\Views\\product.php')
 3 SYSTEMPATH\View\View.php(229): CodeIgniter\View\View->CodeIgniter\View\{closure}()
 4 SYSTEMPATH\Common.php(1188): CodeIgniter\View\View->render('product', [], true)
 5 APPPATH\Controllers\ProductController.php(27): view('product', [...])
 6 SYSTEMPATH\CodeIgniter.php(919): App\Controllers\ProductController->readProduct()
 7 SYSTEMPATH\CodeIgniter.php(494): CodeIgniter\CodeIgniter->runController(Object(App\Controllers\ProductController))
 8 SYSTEMPATH\CodeIgniter.php(353): CodeIgniter\CodeIgniter->handleRequest(null, Object(Config\Cache), false)
 9 FCPATH\index.php(79): CodeIgniter\CodeIgniter->run()
10 SYSTEMPATH\Commands\Server\rewrite.php(47): require_once('C:\\xampp\\htdocs\\backend\\public\\index.php')
CRITICAL - 2023-09-28 15:25:34 --> Attempt to read property "nama_product" on array
in APPPATH\Views\product.php on line 20.
 1 APPPATH\Views\product.php(20): CodeIgniter\Debug\Exceptions->errorHandler(2, 'Attempt to read property "nama_product" on array', 'C:\\xampp\\htdocs\\backend\\app\\Views\\product.php', 20)
 2 SYSTEMPATH\View\View.php(226): include('C:\\xampp\\htdocs\\backend\\app\\Views\\product.php')
 3 SYSTEMPATH\View\View.php(229): CodeIgniter\View\View->CodeIgniter\View\{closure}()
 4 SYSTEMPATH\Common.php(1188): CodeIgniter\View\View->render('product', [], true)
 5 APPPATH\Controllers\ProductController.php(27): view('product', [...])
 6 SYSTEMPATH\CodeIgniter.php(919): App\Controllers\ProductController->readProduct()
 7 SYSTEMPATH\CodeIgniter.php(494): CodeIgniter\CodeIgniter->runController(Object(App\Controllers\ProductController))
 8 SYSTEMPATH\CodeIgniter.php(353): CodeIgniter\CodeIgniter->handleRequest(null, Object(Config\Cache), false)
 9 FCPATH\index.php(79): CodeIgniter\CodeIgniter->run()
10 SYSTEMPATH\Commands\Server\rewrite.php(47): require_once('C:\\xampp\\htdocs\\backend\\public\\index.php')
CRITICAL - 2023-09-28 15:25:34 --> Attempt to read property "nama_product" on array
in APPPATH\Views\product.php on line 20.
 1 APPPATH\Views\product.php(20): CodeIgniter\Debug\Exceptions->errorHandler(2, 'Attempt to read property "nama_product" on array', 'C:\\xampp\\htdocs\\backend\\app\\Views\\product.php', 20)
 2 SYSTEMPATH\View\View.php(226): include('C:\\xampp\\htdocs\\backend\\app\\Views\\product.php')
 3 SYSTEMPATH\View\View.php(229): CodeIgniter\View\View->CodeIgniter\View\{closure}()
 4 SYSTEMPATH\Common.php(1188): CodeIgniter\View\View->render('product', [], true)
 5 APPPATH\Controllers\ProductController.php(27): view('product', [...])
 6 SYSTEMPATH\CodeIgniter.php(919): App\Controllers\ProductController->readProduct()
 7 SYSTEMPATH\CodeIgniter.php(494): CodeIgniter\CodeIgniter->runController(Object(App\Controllers\ProductController))
 8 SYSTEMPATH\CodeIgniter.php(353): CodeIgniter\CodeIgniter->handleRequest(null, Object(Config\Cache), false)
 9 FCPATH\index.php(79): CodeIgniter\CodeIgniter->run()
10 SYSTEMPATH\Commands\Server\rewrite.php(47): require_once('C:\\xampp\\htdocs\\backend\\public\\index.php')
CRITICAL - 2023-09-28 15:25:35 --> Attempt to read property "nama_product" on array
in APPPATH\Views\product.php on line 20.
 1 APPPATH\Views\product.php(20): CodeIgniter\Debug\Exceptions->errorHandler(2, 'Attempt to read property "nama_product" on array', 'C:\\xampp\\htdocs\\backend\\app\\Views\\product.php', 20)
 2 SYSTEMPATH\View\View.php(226): include('C:\\xampp\\htdocs\\backend\\app\\Views\\product.php')
 3 SYSTEMPATH\View\View.php(229): CodeIgniter\View\View->CodeIgniter\View\{closure}()
 4 SYSTEMPATH\Common.php(1188): CodeIgniter\View\View->render('product', [], true)
 5 APPPATH\Controllers\ProductController.php(27): view('product', [...])
 6 SYSTEMPATH\CodeIgniter.php(919): App\Controllers\ProductController->readProduct()
 7 SYSTEMPATH\CodeIgniter.php(494): CodeIgniter\CodeIgniter->runController(Object(App\Controllers\ProductController))
 8 SYSTEMPATH\CodeIgniter.php(353): CodeIgniter\CodeIgniter->handleRequest(null, Object(Config\Cache), false)
 9 FCPATH\index.php(79): CodeIgniter\CodeIgniter->run()
10 SYSTEMPATH\Commands\Server\rewrite.php(47): require_once('C:\\xampp\\htdocs\\backend\\public\\index.php')
CRITICAL - 2023-09-28 15:29:14 --> Attempt to read property "nama_product" on array
in APPPATH\Views\product.php on line 20.
 1 APPPATH\Views\product.php(20): CodeIgniter\Debug\Exceptions->errorHandler(2, 'Attempt to read property "nama_product" on array', 'C:\\xampp\\htdocs\\backend\\app\\Views\\product.php', 20)
 2 SYSTEMPATH\View\View.php(226): include('C:\\xampp\\htdocs\\backend\\app\\Views\\product.php')
 3 SYSTEMPATH\View\View.php(229): CodeIgniter\View\View->CodeIgniter\View\{closure}()
 4 SYSTEMPATH\Common.php(1188): CodeIgniter\View\View->render('product', [], true)
 5 APPPATH\Controllers\ProductController.php(27): view('product', [...])
 6 SYSTEMPATH\CodeIgniter.php(919): App\Controllers\ProductController->readProduct()
 7 SYSTEMPATH\CodeIgniter.php(494): CodeIgniter\CodeIgniter->runController(Object(App\Controllers\ProductController))
 8 SYSTEMPATH\CodeIgniter.php(353): CodeIgniter\CodeIgniter->handleRequest(null, Object(Config\Cache), false)
 9 FCPATH\index.php(79): CodeIgniter\CodeIgniter->run()
10 SYSTEMPATH\Commands\Server\rewrite.php(47): require_once('C:\\xampp\\htdocs\\backend\\public\\index.php')
CRITICAL - 2023-09-28 15:30:22 --> Attempt to read property "nama_product" on array
in APPPATH\Views\product.php on line 20.
 1 APPPATH\Views\product.php(20): CodeIgniter\Debug\Exceptions->errorHandler(2, 'Attempt to read property "nama_product" on array', 'C:\\xampp\\htdocs\\backend\\app\\Views\\product.php', 20)
 2 SYSTEMPATH\View\View.php(226): include('C:\\xampp\\htdocs\\backend\\app\\Views\\product.php')
 3 SYSTEMPATH\View\View.php(229): CodeIgniter\View\View->CodeIgniter\View\{closure}()
 4 SYSTEMPATH\Common.php(1188): CodeIgniter\View\View->render('product', [], true)
 5 APPPATH\Controllers\ProductController.php(27): view('product', [...])
 6 SYSTEMPATH\CodeIgniter.php(919): App\Controllers\ProductController->readProduct()
 7 SYSTEMPATH\CodeIgniter.php(494): CodeIgniter\CodeIgniter->runController(Object(App\Controllers\ProductController))
 8 SYSTEMPATH\CodeIgniter.php(353): CodeIgniter\CodeIgniter->handleRequest(null, Object(Config\Cache), false)
 9 FCPATH\index.php(79): CodeIgniter\CodeIgniter->run()
10 SYSTEMPATH\Commands\Server\rewrite.php(47): require_once('C:\\xampp\\htdocs\\backend\\public\\index.php')
CRITICAL - 2023-09-28 15:30:23 --> Attempt to read property "nama_product" on array
in APPPATH\Views\product.php on line 20.
 1 APPPATH\Views\product.php(20): CodeIgniter\Debug\Exceptions->errorHandler(2, 'Attempt to read property "nama_product" on array', 'C:\\xampp\\htdocs\\backend\\app\\Views\\product.php', 20)
 2 SYSTEMPATH\View\View.php(226): include('C:\\xampp\\htdocs\\backend\\app\\Views\\product.php')
 3 SYSTEMPATH\View\View.php(229): CodeIgniter\View\View->CodeIgniter\View\{closure}()
 4 SYSTEMPATH\Common.php(1188): CodeIgniter\View\View->render('product', [], true)
 5 APPPATH\Controllers\ProductController.php(27): view('product', [...])
 6 SYSTEMPATH\CodeIgniter.php(919): App\Controllers\ProductController->readProduct()
 7 SYSTEMPATH\CodeIgniter.php(494): CodeIgniter\CodeIgniter->runController(Object(App\Controllers\ProductController))
 8 SYSTEMPATH\CodeIgniter.php(353): CodeIgniter\CodeIgniter->handleRequest(null, Object(Config\Cache), false)
 9 FCPATH\index.php(79): CodeIgniter\CodeIgniter->run()
10 SYSTEMPATH\Commands\Server\rewrite.php(47): require_once('C:\\xampp\\htdocs\\backend\\public\\index.php')
CRITICAL - 2023-09-28 15:30:24 --> Attempt to read property "nama_product" on array
in APPPATH\Views\product.php on line 20.
 1 APPPATH\Views\product.php(20): CodeIgniter\Debug\Exceptions->errorHandler(2, 'Attempt to read property "nama_product" on array', 'C:\\xampp\\htdocs\\backend\\app\\Views\\product.php', 20)
 2 SYSTEMPATH\View\View.php(226): include('C:\\xampp\\htdocs\\backend\\app\\Views\\product.php')
 3 SYSTEMPATH\View\View.php(229): CodeIgniter\View\View->CodeIgniter\View\{closure}()
 4 SYSTEMPATH\Common.php(1188): CodeIgniter\View\View->render('product', [], true)
 5 APPPATH\Controllers\ProductController.php(27): view('product', [...])
 6 SYSTEMPATH\CodeIgniter.php(919): App\Controllers\ProductController->readProduct()
 7 SYSTEMPATH\CodeIgniter.php(494): CodeIgniter\CodeIgniter->runController(Object(App\Controllers\ProductController))
 8 SYSTEMPATH\CodeIgniter.php(353): CodeIgniter\CodeIgniter->handleRequest(null, Object(Config\Cache), false)
 9 FCPATH\index.php(79): CodeIgniter\CodeIgniter->run()
10 SYSTEMPATH\Commands\Server\rewrite.php(47): require_once('C:\\xampp\\htdocs\\backend\\public\\index.php')
CRITICAL - 2023-09-28 15:30:24 --> Attempt to read property "nama_product" on array
in APPPATH\Views\product.php on line 20.
 1 APPPATH\Views\product.php(20): CodeIgniter\Debug\Exceptions->errorHandler(2, 'Attempt to read property "nama_product" on array', 'C:\\xampp\\htdocs\\backend\\app\\Views\\product.php', 20)
 2 SYSTEMPATH\View\View.php(226): include('C:\\xampp\\htdocs\\backend\\app\\Views\\product.php')
 3 SYSTEMPATH\View\View.php(229): CodeIgniter\View\View->CodeIgniter\View\{closure}()
 4 SYSTEMPATH\Common.php(1188): CodeIgniter\View\View->render('product', [], true)
 5 APPPATH\Controllers\ProductController.php(27): view('product', [...])
 6 SYSTEMPATH\CodeIgniter.php(919): App\Controllers\ProductController->readProduct()
 7 SYSTEMPATH\CodeIgniter.php(494): CodeIgniter\CodeIgniter->runController(Object(App\Controllers\ProductController))
 8 SYSTEMPATH\CodeIgniter.php(353): CodeIgniter\CodeIgniter->handleRequest(null, Object(Config\Cache), false)
 9 FCPATH\index.php(79): CodeIgniter\CodeIgniter->run()
10 SYSTEMPATH\Commands\Server\rewrite.php(47): require_once('C:\\xampp\\htdocs\\backend\\public\\index.php')
CRITICAL - 2023-09-28 15:30:27 --> Attempt to read property "nama_product" on array
in APPPATH\Views\product.php on line 20.
 1 APPPATH\Views\product.php(20): CodeIgniter\Debug\Exceptions->errorHandler(2, 'Attempt to read property "nama_product" on array', 'C:\\xampp\\htdocs\\backend\\app\\Views\\product.php', 20)
 2 SYSTEMPATH\View\View.php(226): include('C:\\xampp\\htdocs\\backend\\app\\Views\\product.php')
 3 SYSTEMPATH\View\View.php(229): CodeIgniter\View\View->CodeIgniter\View\{closure}()
 4 SYSTEMPATH\Common.php(1188): CodeIgniter\View\View->render('product', [], true)
 5 APPPATH\Controllers\ProductController.php(27): view('product', [...])
 6 SYSTEMPATH\CodeIgniter.php(919): App\Controllers\ProductController->readProduct()
 7 SYSTEMPATH\CodeIgniter.php(494): CodeIgniter\CodeIgniter->runController(Object(App\Controllers\ProductController))
 8 SYSTEMPATH\CodeIgniter.php(353): CodeIgniter\CodeIgniter->handleRequest(null, Object(Config\Cache), false)
 9 FCPATH\index.php(79): CodeIgniter\CodeIgniter->run()
10 SYSTEMPATH\Commands\Server\rewrite.php(47): require_once('C:\\xampp\\htdocs\\backend\\public\\index.php')
CRITICAL - 2023-09-28 15:30:37 --> Attempt to read property "nama_product" on array
in APPPATH\Views\product.php on line 20.
 1 APPPATH\Views\product.php(20): CodeIgniter\Debug\Exceptions->errorHandler(2, 'Attempt to read property "nama_product" on array', 'C:\\xampp\\htdocs\\backend\\app\\Views\\product.php', 20)
 2 SYSTEMPATH\View\View.php(226): include('C:\\xampp\\htdocs\\backend\\app\\Views\\product.php')
 3 SYSTEMPATH\View\View.php(229): CodeIgniter\View\View->CodeIgniter\View\{closure}()
 4 SYSTEMPATH\Common.php(1188): CodeIgniter\View\View->render('product', [], true)
 5 APPPATH\Controllers\ProductController.php(27): view('product', [...])
 6 SYSTEMPATH\CodeIgniter.php(919): App\Controllers\ProductController->readProduct()
 7 SYSTEMPATH\CodeIgniter.php(494): CodeIgniter\CodeIgniter->runController(Object(App\Controllers\ProductController))
 8 SYSTEMPATH\CodeIgniter.php(353): CodeIgniter\CodeIgniter->handleRequest(null, Object(Config\Cache), false)
 9 FCPATH\index.php(79): CodeIgniter\CodeIgniter->run()
10 SYSTEMPATH\Commands\Server\rewrite.php(47): require_once('C:\\xampp\\htdocs\\backend\\public\\index.php')
